<?xml version="1.0" encoding="UTF-8"?>
<coverage generated="1572512991147" clover="3.2.0">
  <project timestamp="1572512991147" name="All files">
    <metrics statements="20" coveredstatements="6" conditionals="4" coveredconditionals="1" methods="4" coveredmethods="1" elements="28" coveredelements="8" complexity="0" loc="20" ncloc="20" packages="1" files="1" classes="1"/>
    <file name="addRequireConfig.ts" path="/Users/lihuanyu01/code/baidu/searchfe/gulp-add-require-config/src/addRequireConfig.ts">
      <metrics statements="20" coveredstatements="6" conditionals="4" coveredconditionals="1" methods="4" coveredmethods="1"/>
      <line num="2" count="1" type="stmt"/>
      <line num="3" count="1" type="stmt"/>
      <line num="6" count="1" type="stmt"/>
      <line num="7" count="1" type="cond" truecount="1" falsecount="1"/>
      <line num="8" count="1" type="stmt"/>
      <line num="10" count="1" type="stmt"/>
      <line num="14" count="0" type="stmt"/>
      <line num="15" count="0" type="cond" truecount="0" falsecount="2"/>
      <line num="16" count="0" type="stmt"/>
      <line num="17" count="0" type="stmt"/>
      <line num="18" count="0" type="stmt"/>
      <line num="19" count="0" type="stmt"/>
      <line num="20" count="0" type="stmt"/>
      <line num="21" count="0" type="stmt"/>
      <line num="24" count="0" type="stmt"/>
      <line num="26" count="0" type="stmt"/>
      <line num="30" count="0" type="stmt"/>
      <line num="31" count="0" type="stmt"/>
      <line num="32" count="0" type="stmt"/>
      <line num="33" count="0" type="stmt"/>
    </file>
  </project>
</coverage>
