{"/Users/lihuanyu01/code/baidu/searchfe/gulp-add-require-config/src/addRequireConfig.ts": {"path":"/Users/lihuanyu01/code/baidu/searchfe/gulp-add-require-config/src/addRequireConfig.ts","statementMap":{"0":{"start":{"line":2,"column":0},"end":{"line":2,"column":51}},"1":{"start":{"line":3,"column":18},"end":{"line":3,"column":54}},"2":{"start":{"line":7,"column":19},"end":{"line":7,"column":45}},"3":{"start":{"line":8,"column":31},"end":{"line":8,"column":33}},"4":{"start":{"line":10,"column":4},"end":{"line":35,"column":7}},"5":{"start":{"line":14,"column":29},"end":{"line":14,"column":48}},"6":{"start":{"line":15,"column":12},"end":{"line":25,"column":null}},"7":{"start":{"line":16,"column":37},"end":{"line":16,"column":74}},"8":{"start":{"line":17,"column":38},"end":{"line":17,"column":108}},"9":{"start":{"line":18,"column":35},"end":{"line":18,"column":85}},"10":{"start":{"line":19,"column":16},"end":{"line":22,"column":19}},"11":{"start":{"line":20,"column":37},"end":{"line":20,"column":85}},"12":{"start":{"line":21,"column":20},"end":{"line":21,"column":54}},"13":{"start":{"line":24,"column":16},"end":{"line":24,"column":32}},"14":{"start":{"line":26,"column":12},"end":{"line":26,"column":33}},"15":{"start":{"line":30,"column":32},"end":{"line":30,"column":95}},"16":{"start":{"line":31,"column":12},"end":{"line":31,"column":88}},"17":{"start":{"line":32,"column":12},"end":{"line":32,"column":32}},"18":{"start":{"line":33,"column":12},"end":{"line":33,"column":23}},"19":{"start":{"line":6,"column":0},"end":{"line":6,"column":16}}},"fnMap":{"0":{"name":"addRequireConfig","decl":{"start":{"line":6,"column":16},"end":{"line":6,"column":32}},"loc":{"start":{"line":6,"column":52},"end":{"line":36,"column":1}}},"1":{"name":"(anonymous_1)","decl":{"start":{"line":13,"column":19},"end":{"line":13,"column":20}},"loc":{"start":{"line":13,"column":45},"end":{"line":27,"column":9}}},"2":{"name":"(anonymous_2)","decl":{"start":{"line":19,"column":34},"end":{"line":19,"column":35}},"loc":{"start":{"line":19,"column":39},"end":{"line":22,"column":17}}},"3":{"name":"(anonymous_3)","decl":{"start":{"line":29,"column":13},"end":{"line":29,"column":15}},"loc":{"start":{"line":29,"column":23},"end":{"line":34,"column":9}}}},"branchMap":{"0":{"loc":{"start":{"line":7,"column":19},"end":{"line":7,"column":32}},"type":"binary-expr","locations":[{"start":{"line":7,"column":19},"end":{"line":7,"column":32}},{"start":{"line":7,"column":36},"end":{"line":7,"column":45}}]},"1":{"loc":{"start":{"line":15,"column":12},"end":{"line":25,"column":null}},"type":"if","locations":[{"start":{"line":15,"column":12},"end":{"line":25,"column":null}},{"start":{"line":15,"column":12},"end":{"line":25,"column":null}}]}},"s":{"0":1,"1":1,"2":1,"3":1,"4":1,"5":0,"6":0,"7":0,"8":0,"9":0,"10":0,"11":0,"12":0,"13":0,"14":0,"15":0,"16":0,"17":0,"18":0,"19":1},"f":{"0":1,"1":0,"2":0,"3":0},"b":{"0":[1,0],"1":[0,0]}}
}
